<?xml version="1.0" encoding="UTF-8"?>
<testsuite name="EndangeredTest" tests="7" skipped="0" failures="0" errors="0" timestamp="2019-11-25T11:23:25" hostname="francis-HP-250-G1-Notebook-PC" time="1.289">
  <properties/>
  <testcase name="all_returnsAllInstancesOfEndangeredAnimals_true" classname="EndangeredTest" time="0.893"/>
  <testcase name="save_savesEndangeredAnimalObjectsIntoDB" classname="EndangeredTest" time="0.107"/>
  <testcase name="endangered_instantiatesCorrectly_true" classname="EndangeredTest" time="0.023"/>
  <testcase name="endangered_instantiatesWithAgeOfAnimal_String" classname="EndangeredTest" time="0.033"/>
  <testcase name="endangered_instantiatesWithAnimalName_String" classname="EndangeredTest" time="0.024"/>
  <testcase name="find_returnsEndangeredAnimalWithSameId_secondAnimal" classname="EndangeredTest" time="0.169"/>
  <testcase name="endangered_instantiatesWIthAnimalHealth_String" classname="EndangeredTest" time="0.027"/>
  <system-out><![CDATA[]]></system-out>
  <system-err><![CDATA[]]></system-err>
</testsuite>
